# JRE version: OpenJDK Runtime Environment (8.0) (build 1.8.0-9-microsoft-b00)
# Java VM: OpenJDK 64-Bit Server VM (25.71-b00 mixed mode windows-amd64 compressed oops)
Heap:
 PSYoungGen      total 19456K, used 5790K [0x00000000ec300000, 0x00000000ee100000, 0x0000000100000000)
  eden space 15872K, 36% used [0x00000000ec300000,0x00000000ec8a7968,0x00000000ed280000)
  from space 3584K, 0% used [0x00000000ed800000,0x00000000ed800000,0x00000000edb80000)
  to   space 5632K, 0% used [0x00000000ed280000,0x00000000ed280000,0x00000000ed800000)
 ParOldGen       total 23040K, used 14052K [0x00000000c4800000, 0x00000000c5e80000, 0x00000000ec300000)
  object space 23040K, 60% used [0x00000000c4800000,0x00000000c55b90c0,0x00000000c5e80000)
 Metaspace       used 7319K, capacity 8244K, committed 8320K, reserved 1056768K
  class space    used 860K, capacity 880K, committed 896K, reserved 1048576K
GC Heap History (10 events):
Event: 4.500 GC heap before
{Heap before GC invocations=13 (full 2):
 PSYoungGen      total 11264K, used 995K [0x00000000ec300000, 0x00000000ed880000, 0x0000000100000000)
  eden space 10240K, 0% used [0x00000000ec300000,0x00000000ec300000,0x00000000ecd00000)
  from space 1024K, 97% used [0x00000000ecd00000,0x00000000ecdf8f18,0x00000000ece00000)
  to   space 3072K, 0% used [0x00000000ed580000,0x00000000ed580000,0x00000000ed880000)
 ParOldGen       total 10752K, used 10623K [0x00000000c4800000, 0x00000000c5280000, 0x00000000ec300000)
  object space 10752K, 98% used [0x00000000c4800000,0x00000000c525fea0,0x00000000c5280000)
 Metaspace       used 7294K, capacity 8180K, committed 8320K, reserved 1056768K
  class space    used 860K, capacity 880K, committed 896K, reserved 1048576K
Event: 4.532 GC heap after
Heap after GC invocations=13 (full 2):
 PSYoungGen      total 11264K, used 0K [0x00000000ec300000, 0x00000000ed880000, 0x0000000100000000)
  eden space 10240K, 0% used [0x00000000ec300000,0x00000000ec300000,0x00000000ecd00000)
  from space 1024K, 0% used [0x00000000ecd00000,0x00000000ecd00000,0x00000000ece00000)
  to   space 3072K, 0% used [0x00000000ed580000,0x00000000ed580000,0x00000000ed880000)
 ParOldGen       total 15360K, used 8443K [0x00000000c4800000, 0x00000000c5700000, 0x00000000ec300000)
  object space 15360K, 54% used [0x00000000c4800000,0x00000000c503eef0,0x00000000c5700000)
 Metaspace       used 7294K, capacity 8180K, committed 8320K, reserved 1056768K
  class space    used 860K, capacity 880K, committed 896K, reserved 1048576K
}
Event: 4.631 GC heap before
{Heap before GC invocations=14 (full 2):
 PSYoungGen      total 11264K, used 8969K [0x00000000ec300000, 0x00000000ed880000, 0x0000000100000000)
  eden space 10240K, 87% used [0x00000000ec300000,0x00000000ecbc24f0,0x00000000ecd00000)
  from space 1024K, 0% used [0x00000000ecd00000,0x00000000ecd00000,0x00000000ece00000)
  to   space 3072K, 0% used [0x00000000ed580000,0x00000000ed580000,0x00000000ed880000)
 ParOldGen       total 15360K, used 8443K [0x00000000c4800000, 0x00000000c5700000, 0x00000000ec300000)
  object space 15360K, 54% used [0x00000000c4800000,0x00000000c503eef0,0x00000000c5700000)
 Metaspace       used 7294K, capacity 8180K, committed 8320K, reserved 1056768K
  class space    used 860K, capacity 880K, committed 896K, reserved 1048576K
Event: 4.659 GC heap after
Heap after GC invocations=14 (full 2):
 PSYoungGen      total 16896K, used 3016K [0x00000000ec300000, 0x00000000ed880000, 0x0000000100000000)
  eden space 13824K, 0% used [0x00000000ec300000,0x00000000ec300000,0x00000000ed080000)
  from space 3072K, 98% used [0x00000000ed580000,0x00000000ed872330,0x00000000ed880000)
  to   space 3584K, 0% used [0x00000000ed180000,0x00000000ed180000,0x00000000ed500000)
 ParOldGen       total 15360K, used 8443K [0x00000000c4800000, 0x00000000c5700000, 0x00000000ec300000)
  object space 15360K, 54% used [0x00000000c4800000,0x00000000c503eef0,0x00000000c5700000)
 Metaspace       used 7294K, capacity 8180K, committed 8320K, reserved 1056768K
  class space    used 860K, capacity 880K, committed 896K, reserved 1048576K
}
Event: 4.936 GC heap before
{Heap before GC invocations=15 (full 2):
 PSYoungGen      total 16896K, used 15993K [0x00000000ec300000, 0x00000000ed880000, 0x0000000100000000)
  eden space 13824K, 93% used [0x00000000ec300000,0x00000000ecfac1d0,0x00000000ed080000)
  from space 3072K, 98% used [0x00000000ed580000,0x00000000ed872330,0x00000000ed880000)
  to   space 3584K, 0% used [0x00000000ed180000,0x00000000ed180000,0x00000000ed500000)
 ParOldGen       total 15360K, used 8443K [0x00000000c4800000, 0x00000000c5700000, 0x00000000ec300000)
  object space 15360K, 54% used [0x00000000c4800000,0x00000000c503eef0,0x00000000c5700000)
 Metaspace       used 7294K, capacity 8180K, committed 8320K, reserved 1056768K
  class space    used 860K, capacity 880K, committed 896K, reserved 1048576K
Event: 4.939 GC heap after
Heap after GC invocations=15 (full 2):
 PSYoungGen      total 18432K, used 2470K [0x00000000ec300000, 0x00000000edb80000, 0x0000000100000000)
  eden space 14848K, 0% used [0x00000000ec300000,0x00000000ec300000,0x00000000ed180000)
  from space 3584K, 68% used [0x00000000ed180000,0x00000000ed3e9a90,0x00000000ed500000)
  to   space 3584K, 0% used [0x00000000ed800000,0x00000000ed800000,0x00000000edb80000)
 ParOldGen       total 15360K, used 10141K [0x00000000c4800000, 0x00000000c5700000, 0x00000000ec300000)
  object space 15360K, 66% used [0x00000000c4800000,0x00000000c51e7728,0x00000000c5700000)
 Metaspace       used 7294K, capacity 8180K, committed 8320K, reserved 1056768K
  class space    used 860K, capacity 880K, committed 896K, reserved 1048576K
}
Event: 5.022 GC heap before
{Heap before GC invocations=16 (full 2):
 PSYoungGen      total 18432K, used 17102K [0x00000000ec300000, 0x00000000edb80000, 0x0000000100000000)
  eden space 14848K, 98% used [0x00000000ec300000,0x00000000ed149fc8,0x00000000ed180000)
  from space 3584K, 68% used [0x00000000ed180000,0x00000000ed3e9a90,0x00000000ed500000)
  to   space 3584K, 0% used [0x00000000ed800000,0x00000000ed800000,0x00000000edb80000)
 ParOldGen       total 15360K, used 10141K [0x00000000c4800000, 0x00000000c5700000, 0x00000000ec300000)
  object space 15360K, 66% used [0x00000000c4800000,0x00000000c51e7728,0x00000000c5700000)
 Metaspace       used 7297K, capacity 8180K, committed 8320K, reserved 1056768K
  class space    used 860K, capacity 880K, committed 896K, reserved 1048576K
Event: 5.026 GC heap after
Heap after GC invocations=16 (full 2):
 PSYoungGen      total 19456K, used 3553K [0x00000000ec300000, 0x00000000ee100000, 0x0000000100000000)
  eden space 15872K, 0% used [0x00000000ec300000,0x00000000ec300000,0x00000000ed280000)
  from space 3584K, 99% used [0x00000000ed800000,0x00000000edb78658,0x00000000edb80000)
  to   space 5632K, 0% used [0x00000000ed280000,0x00000000ed280000,0x00000000ed800000)
 ParOldGen       total 15360K, used 13729K [0x00000000c4800000, 0x00000000c5700000, 0x00000000ec300000)
  object space 15360K, 89% used [0x00000000c4800000,0x00000000c5568550,0x00000000c5700000)
 Metaspace       used 7297K, capacity 8180K, committed 8320K, reserved 1056768K
  class space    used 860K, capacity 880K, committed 896K, reserved 1048576K
}
Event: 5.026 GC heap before
{Heap before GC invocations=17 (full 3):
 PSYoungGen      total 19456K, used 3553K [0x00000000ec300000, 0x00000000ee100000, 0x0000000100000000)
  eden space 15872K, 0% used [0x00000000ec300000,0x00000000ec300000,0x00000000ed280000)
  from space 3584K, 99% used [0x00000000ed800000,0x00000000edb78658,0x00000000edb80000)
  to   space 5632K, 0% used [0x00000000ed280000,0x00000000ed280000,0x00000000ed800000)
 ParOldGen       total 15360K, used 13729K [0x00000000c4800000, 0x00000000c5700000, 0x00000000ec300000)
  object space 15360K, 89% used [0x00000000c4800000,0x00000000c5568550,0x00000000c5700000)
 Metaspace       used 7297K, capacity 8180K, committed 8320K, reserved 1056768K
  class space    used 860K, capacity 880K, committed 896K, reserved 1048576K
Event: 5.056 GC heap after
Heap after GC invocations=17 (full 3):
 PSYoungGen      total 19456K, used 0K [0x00000000ec300000, 0x00000000ee100000, 0x0000000100000000)
  eden space 15872K, 0% used [0x00000000ec300000,0x00000000ec300000,0x00000000ed280000)
  from space 3584K, 0% used [0x00000000ed800000,0x00000000ed800000,0x00000000edb80000)
  to   space 5632K, 0% used [0x00000000ed280000,0x00000000ed280000,0x00000000ed800000)
 ParOldGen       total 23040K, used 14052K [0x00000000c4800000, 0x00000000c5e80000, 0x00000000ec300000)
  object space 23040K, 60% used [0x00000000c4800000,0x00000000c55b90c0,0x00000000c5e80000)
 Metaspace       used 7297K, capacity 8180K, committed 8320K, reserved 1056768K
  class space    used 860K, capacity 880K, committed 896K, reserved 1048576K
}

