# JRE version: OpenJDK Runtime Environment (8.0) (build 1.8.0-9-microsoft-b00)
# Java VM: OpenJDK 64-Bit Server VM (25.71-b00 mixed mode windows-amd64 compressed oops)
Heap:
 PSYoungGen      total 67584K, used 59392K [0x00000000eab00000, 0x00000000efb00000, 0x0000000100000000)
  eden space 59392K, 100% used [0x00000000eab00000,0x00000000ee500000,0x00000000ee500000)
  from space 8192K, 0% used [0x00000000eef00000,0x00000000eef00000,0x00000000ef700000)
  to   space 10240K, 0% used [0x00000000ee500000,0x00000000ee500000,0x00000000eef00000)
 ParOldGen       total 40960K, used 40852K [0x00000000c0000000, 0x00000000c2800000, 0x00000000eab00000)
  object space 40960K, 99% used [0x00000000c0000000,0x00000000c27e5228,0x00000000c2800000)
 Metaspace       used 6603K, capacity 7256K, committed 7424K, reserved 1056768K
  class space    used 611K, capacity 656K, committed 768K, reserved 1048576K
GC Heap History (10 events):
Event: 5.719 GC heap after
Heap after GC invocations=8 (full 0):
 PSYoungGen      total 67584K, used 8175K [0x00000000eab00000, 0x00000000efb00000, 0x0000000100000000)
  eden space 59392K, 0% used [0x00000000eab00000,0x00000000eab00000,0x00000000ee500000)
  from space 8192K, 99% used [0x00000000eef00000,0x00000000ef6fbcc8,0x00000000ef700000)
  to   space 10240K, 0% used [0x00000000ee500000,0x00000000ee500000,0x00000000eef00000)
 ParOldGen       total 40960K, used 35888K [0x00000000c0000000, 0x00000000c2800000, 0x00000000eab00000)
  object space 40960K, 87% used [0x00000000c0000000,0x00000000c230c3f0,0x00000000c2800000)
 Metaspace       used 6454K, capacity 7152K, committed 7296K, reserved 1056768K
  class space    used 592K, capacity 616K, committed 640K, reserved 1048576K
}
Event: 5.719 GC heap before
{Heap before GC invocations=9 (full 1):
 PSYoungGen      total 67584K, used 8175K [0x00000000eab00000, 0x00000000efb00000, 0x0000000100000000)
  eden space 59392K, 0% used [0x00000000eab00000,0x00000000eab00000,0x00000000ee500000)
  from space 8192K, 99% used [0x00000000eef00000,0x00000000ef6fbcc8,0x00000000ef700000)
  to   space 10240K, 0% used [0x00000000ee500000,0x00000000ee500000,0x00000000eef00000)
 ParOldGen       total 40960K, used 35888K [0x00000000c0000000, 0x00000000c2800000, 0x00000000eab00000)
  object space 40960K, 87% used [0x00000000c0000000,0x00000000c230c3f0,0x00000000c2800000)
 Metaspace       used 6454K, capacity 7152K, committed 7296K, reserved 1056768K
  class space    used 592K, capacity 616K, committed 640K, reserved 1048576K
Event: 6.046 GC heap after
Heap after GC invocations=9 (full 1):
 PSYoungGen      total 67584K, used 0K [0x00000000eab00000, 0x00000000efb00000, 0x0000000100000000)
  eden space 59392K, 0% used [0x00000000eab00000,0x00000000eab00000,0x00000000ee500000)
  from space 8192K, 0% used [0x00000000eef00000,0x00000000eef00000,0x00000000ef700000)
  to   space 10240K, 0% used [0x00000000ee500000,0x00000000ee500000,0x00000000eef00000)
 ParOldGen       total 40960K, used 40650K [0x00000000c0000000, 0x00000000c2800000, 0x00000000eab00000)
  object space 40960K, 99% used [0x00000000c0000000,0x00000000c27b2980,0x00000000c2800000)
 Metaspace       used 6454K, capacity 7152K, committed 7296K, reserved 1056768K
  class space    used 592K, capacity 616K, committed 640K, reserved 1048576K
}
Event: 6.343 GC heap before
{Heap before GC invocations=10 (full 2):
 PSYoungGen      total 67584K, used 59392K [0x00000000eab00000, 0x00000000efb00000, 0x0000000100000000)
  eden space 59392K, 100% used [0x00000000eab00000,0x00000000ee500000,0x00000000ee500000)
  from space 8192K, 0% used [0x00000000eef00000,0x00000000eef00000,0x00000000ef700000)
  to   space 10240K, 0% used [0x00000000ee500000,0x00000000ee500000,0x00000000eef00000)
 ParOldGen       total 40960K, used 40650K [0x00000000c0000000, 0x00000000c2800000, 0x00000000eab00000)
  object space 40960K, 99% used [0x00000000c0000000,0x00000000c27b2980,0x00000000c2800000)
 Metaspace       used 6486K, capacity 7216K, committed 7296K, reserved 1056768K
  class space    used 592K, capacity 616K, committed 640K, reserved 1048576K
Event: 6.693 GC heap after
Heap after GC invocations=10 (full 2):
 PSYoungGen      total 67584K, used 8058K [0x00000000eab00000, 0x00000000efb00000, 0x0000000100000000)
  eden space 59392K, 13% used [0x00000000eab00000,0x00000000eb2deb08,0x00000000ee500000)
  from space 8192K, 0% used [0x00000000eef00000,0x00000000eef00000,0x00000000ef700000)
  to   space 10240K, 0% used [0x00000000ee500000,0x00000000ee500000,0x00000000eef00000)
 ParOldGen       total 40960K, used 40943K [0x00000000c0000000, 0x00000000c2800000, 0x00000000eab00000)
  object space 40960K, 99% used [0x00000000c0000000,0x00000000c27fbdb0,0x00000000c2800000)
 Metaspace       used 6486K, capacity 7216K, committed 7296K, reserved 1056768K
  class space    used 592K, capacity 616K, committed 640K, reserved 1048576K
}
Event: 6.988 GC heap before
{Heap before GC invocations=11 (full 3):
 PSYoungGen      total 67584K, used 59392K [0x00000000eab00000, 0x00000000efb00000, 0x0000000100000000)
  eden space 59392K, 100% used [0x00000000eab00000,0x00000000ee500000,0x00000000ee500000)
  from space 8192K, 0% used [0x00000000eef00000,0x00000000eef00000,0x00000000ef700000)
  to   space 10240K, 0% used [0x00000000ee500000,0x00000000ee500000,0x00000000eef00000)
 ParOldGen       total 40960K, used 40943K [0x00000000c0000000, 0x00000000c2800000, 0x00000000eab00000)
  object space 40960K, 99% used [0x00000000c0000000,0x00000000c27fbdb0,0x00000000c2800000)
 Metaspace       used 6593K, capacity 7256K, committed 7424K, reserved 1056768K
  class space    used 611K, capacity 656K, committed 768K, reserved 1048576K
Event: 7.224 GC heap after
Heap after GC invocations=11 (full 3):
 PSYoungGen      total 67584K, used 14810K [0x00000000eab00000, 0x00000000efb00000, 0x0000000100000000)
  eden space 59392K, 24% used [0x00000000eab00000,0x00000000eb9768a0,0x00000000ee500000)
  from space 8192K, 0% used [0x00000000eef00000,0x00000000eef00000,0x00000000ef700000)
  to   space 10240K, 0% used [0x00000000ee500000,0x00000000ee500000,0x00000000eef00000)
 ParOldGen       total 40960K, used 40891K [0x00000000c0000000, 0x00000000c2800000, 0x00000000eab00000)
  object space 40960K, 99% used [0x00000000c0000000,0x00000000c27eee98,0x00000000c2800000)
 Metaspace       used 6593K, capacity 7256K, committed 7424K, reserved 1056768K
  class space    used 611K, capacity 656K, committed 768K, reserved 1048576K
}
Event: 7.448 GC heap before
{Heap before GC invocations=12 (full 4):
 PSYoungGen      total 67584K, used 59392K [0x00000000eab00000, 0x00000000efb00000, 0x0000000100000000)
  eden space 59392K, 100% used [0x00000000eab00000,0x00000000ee500000,0x00000000ee500000)
  from space 8192K, 0% used [0x00000000eef00000,0x00000000eef00000,0x00000000ef700000)
  to   space 10240K, 0% used [0x00000000ee500000,0x00000000ee500000,0x00000000eef00000)
 ParOldGen       total 40960K, used 40891K [0x00000000c0000000, 0x00000000c2800000, 0x00000000eab00000)
  object space 40960K, 99% used [0x00000000c0000000,0x00000000c27eee98,0x00000000c2800000)
 Metaspace       used 6597K, capacity 7256K, committed 7424K, reserved 1056768K
  class space    used 611K, capacity 656K, committed 768K, reserved 1048576K
Event: 7.682 GC heap after
Heap after GC invocations=12 (full 4):
 PSYoungGen      total 67584K, used 21236K [0x00000000eab00000, 0x00000000efb00000, 0x0000000100000000)
  eden space 59392K, 35% used [0x00000000eab00000,0x00000000ebfbd190,0x00000000ee500000)
  from space 8192K, 0% used [0x00000000eef00000,0x00000000eef00000,0x00000000ef700000)
  to   space 10240K, 0% used [0x00000000ee500000,0x00000000ee500000,0x00000000eef00000)
 ParOldGen       total 40960K, used 40852K [0x00000000c0000000, 0x00000000c2800000, 0x00000000eab00000)
  object space 40960K, 99% used [0x00000000c0000000,0x00000000c27e5228,0x00000000c2800000)
 Metaspace       used 6597K, capacity 7256K, committed 7424K, reserved 1056768K
  class space    used 611K, capacity 656K, committed 768K, reserved 1048576K
}
Event: 7.859 GC heap before
{Heap before GC invocations=13 (full 5):
 PSYoungGen      total 67584K, used 59392K [0x00000000eab00000, 0x00000000efb00000, 0x0000000100000000)
  eden space 59392K, 100% used [0x00000000eab00000,0x00000000ee500000,0x00000000ee500000)
  from space 8192K, 0% used [0x00000000eef00000,0x00000000eef00000,0x00000000ef700000)
  to   space 10240K, 0% used [0x00000000ee500000,0x00000000ee500000,0x00000000eef00000)
 ParOldGen       total 40960K, used 40852K [0x00000000c0000000, 0x00000000c2800000, 0x00000000eab00000)
  object space 40960K, 99% used [0x00000000c0000000,0x00000000c27e5228,0x00000000c2800000)
 Metaspace       used 6603K, capacity 7256K, committed 7424K, reserved 1056768K
  class space    used 611K, capacity 656K, committed 768K, reserved 1048576K

