# JRE version: OpenJDK Runtime Environment (8.0) (build 1.8.0-9-microsoft-b00)
# Java VM: OpenJDK 64-Bit Server VM (25.71-b00 mixed mode windows-amd64 compressed oops)
Heap:
 PSYoungGen      total 217600K, used 150694K [0x00000000eab00000, 0x00000000fdd00000, 0x0000000100000000)
  eden space 176128K, 85% used [0x00000000eab00000,0x00000000f3e29880,0x00000000f5700000)
  from space 41472K, 0% used [0x00000000f8480000,0x00000000f8480000,0x00000000fad00000)
  to   space 46592K, 0% used [0x00000000f5700000,0x00000000f5700000,0x00000000f8480000)
 ParOldGen       total 82432K, used 82366K [0x00000000c0000000, 0x00000000c5080000, 0x00000000eab00000)
  object space 82432K, 99% used [0x00000000c0000000,0x00000000c506f848,0x00000000c5080000)
 Metaspace       used 6619K, capacity 7256K, committed 7424K, reserved 1056768K
  class space    used 611K, capacity 656K, committed 768K, reserved 1048576K
GC Heap History (10 events):
Event: 5.147 GC heap before
{Heap before GC invocations=12 (full 1):
 PSYoungGen      total 169984K, used 169953K [0x00000000eab00000, 0x00000000f9400000, 0x0000000100000000)
  eden space 144896K, 100% used [0x00000000eab00000,0x00000000f3880000,0x00000000f3880000)
  from space 25088K, 99% used [0x00000000f7b80000,0x00000000f93f86f0,0x00000000f9400000)
  to   space 31744K, 0% used [0x00000000f5600000,0x00000000f5600000,0x00000000f7500000)
 ParOldGen       total 76800K, used 49139K [0x00000000c0000000, 0x00000000c4b00000, 0x00000000eab00000)
  object space 76800K, 63% used [0x00000000c0000000,0x00000000c2ffccc8,0x00000000c4b00000)
 Metaspace       used 6599K, capacity 7256K, committed 7424K, reserved 1056768K
  class space    used 611K, capacity 656K, committed 768K, reserved 1048576K
Event: 5.213 GC heap after
Heap after GC invocations=12 (full 1):
 PSYoungGen      total 206848K, used 31720K [0x00000000eab00000, 0x00000000fad00000, 0x0000000100000000)
  eden space 175104K, 0% used [0x00000000eab00000,0x00000000eab00000,0x00000000f5600000)
  from space 31744K, 99% used [0x00000000f5600000,0x00000000f74fa340,0x00000000f7500000)
  to   space 41472K, 0% used [0x00000000f8480000,0x00000000f8480000,0x00000000fad00000)
 ParOldGen       total 76800K, used 62045K [0x00000000c0000000, 0x00000000c4b00000, 0x00000000eab00000)
  object space 76800K, 80% used [0x00000000c0000000,0x00000000c3c975d8,0x00000000c4b00000)
 Metaspace       used 6599K, capacity 7256K, committed 7424K, reserved 1056768K
  class space    used 611K, capacity 656K, committed 768K, reserved 1048576K
}
Event: 6.003 GC heap before
{Heap before GC invocations=13 (full 1):
 PSYoungGen      total 206848K, used 206824K [0x00000000eab00000, 0x00000000fad00000, 0x0000000100000000)
  eden space 175104K, 100% used [0x00000000eab00000,0x00000000f5600000,0x00000000f5600000)
  from space 31744K, 99% used [0x00000000f5600000,0x00000000f74fa340,0x00000000f7500000)
  to   space 41472K, 0% used [0x00000000f8480000,0x00000000f8480000,0x00000000fad00000)
 ParOldGen       total 76800K, used 62045K [0x00000000c0000000, 0x00000000c4b00000, 0x00000000eab00000)
  object space 76800K, 80% used [0x00000000c0000000,0x00000000c3c975d8,0x00000000c4b00000)
 Metaspace       used 6601K, capacity 7256K, committed 7424K, reserved 1056768K
  class space    used 611K, capacity 656K, committed 768K, reserved 1048576K
Event: 6.087 GC heap after
Heap after GC invocations=13 (full 1):
 PSYoungGen      total 217600K, used 37223K [0x00000000eab00000, 0x00000000fdd00000, 0x0000000100000000)
  eden space 176128K, 0% used [0x00000000eab00000,0x00000000eab00000,0x00000000f5700000)
  from space 41472K, 89% used [0x00000000f8480000,0x00000000fa8d9e10,0x00000000fad00000)
  to   space 46592K, 0% used [0x00000000f5700000,0x00000000f5700000,0x00000000f8480000)
 ParOldGen       total 82432K, used 82369K [0x00000000c0000000, 0x00000000c5080000, 0x00000000eab00000)
  object space 82432K, 99% used [0x00000000c0000000,0x00000000c5070698,0x00000000c5080000)
 Metaspace       used 6601K, capacity 7256K, committed 7424K, reserved 1056768K
  class space    used 611K, capacity 656K, committed 768K, reserved 1048576K
}
Event: 6.087 GC heap before
{Heap before GC invocations=14 (full 2):
 PSYoungGen      total 217600K, used 37223K [0x00000000eab00000, 0x00000000fdd00000, 0x0000000100000000)
  eden space 176128K, 0% used [0x00000000eab00000,0x00000000eab00000,0x00000000f5700000)
  from space 41472K, 89% used [0x00000000f8480000,0x00000000fa8d9e10,0x00000000fad00000)
  to   space 46592K, 0% used [0x00000000f5700000,0x00000000f5700000,0x00000000f8480000)
 ParOldGen       total 82432K, used 82369K [0x00000000c0000000, 0x00000000c5080000, 0x00000000eab00000)
  object space 82432K, 99% used [0x00000000c0000000,0x00000000c5070698,0x00000000c5080000)
 Metaspace       used 6601K, capacity 7256K, committed 7424K, reserved 1056768K
  class space    used 611K, capacity 656K, committed 768K, reserved 1048576K
Event: 6.896 GC heap after
Heap after GC invocations=14 (full 2):
 PSYoungGen      total 217600K, used 34418K [0x00000000eab00000, 0x00000000fdd00000, 0x0000000100000000)
  eden space 176128K, 0% used [0x00000000eab00000,0x00000000eab00000,0x00000000f5700000)
  from space 41472K, 82% used [0x00000000f8480000,0x00000000fa61c928,0x00000000fad00000)
  to   space 46592K, 0% used [0x00000000f5700000,0x00000000f5700000,0x00000000f8480000)
 ParOldGen       total 82432K, used 82162K [0x00000000c0000000, 0x00000000c5080000, 0x00000000eab00000)
  object space 82432K, 99% used [0x00000000c0000000,0x00000000c503c898,0x00000000c5080000)
 Metaspace       used 6601K, capacity 7256K, committed 7424K, reserved 1056768K
  class space    used 611K, capacity 656K, committed 768K, reserved 1048576K
}
Event: 7.617 GC heap before
{Heap before GC invocations=15 (full 3):
 PSYoungGen      total 217600K, used 210546K [0x00000000eab00000, 0x00000000fdd00000, 0x0000000100000000)
  eden space 176128K, 100% used [0x00000000eab00000,0x00000000f5700000,0x00000000f5700000)
  from space 41472K, 82% used [0x00000000f8480000,0x00000000fa61c928,0x00000000fad00000)
  to   space 46592K, 0% used [0x00000000f5700000,0x00000000f5700000,0x00000000f8480000)
 ParOldGen       total 82432K, used 82162K [0x00000000c0000000, 0x00000000c5080000, 0x00000000eab00000)
  object space 82432K, 99% used [0x00000000c0000000,0x00000000c503c898,0x00000000c5080000)
 Metaspace       used 6611K, capacity 7256K, committed 7424K, reserved 1056768K
  class space    used 611K, capacity 656K, committed 768K, reserved 1048576K
Event: 8.309 GC heap after
Heap after GC invocations=15 (full 3):
 PSYoungGen      total 217600K, used 58968K [0x00000000eab00000, 0x00000000fdd00000, 0x0000000100000000)
  eden space 176128K, 33% used [0x00000000eab00000,0x00000000ee4962c8,0x00000000f5700000)
  from space 41472K, 0% used [0x00000000f8480000,0x00000000f8480000,0x00000000fad00000)
  to   space 46592K, 0% used [0x00000000f5700000,0x00000000f5700000,0x00000000f8480000)
 ParOldGen       total 82432K, used 82367K [0x00000000c0000000, 0x00000000c5080000, 0x00000000eab00000)
  object space 82432K, 99% used [0x00000000c0000000,0x00000000c506feb8,0x00000000c5080000)
 Metaspace       used 6611K, capacity 7256K, committed 7424K, reserved 1056768K
  class space    used 611K, capacity 656K, committed 768K, reserved 1048576K
}
Event: 8.779 GC heap before
{Heap before GC invocations=16 (full 4):
 PSYoungGen      total 217600K, used 176128K [0x00000000eab00000, 0x00000000fdd00000, 0x0000000100000000)
  eden space 176128K, 100% used [0x00000000eab00000,0x00000000f5700000,0x00000000f5700000)
  from space 41472K, 0% used [0x00000000f8480000,0x00000000f8480000,0x00000000fad00000)
  to   space 46592K, 0% used [0x00000000f5700000,0x00000000f5700000,0x00000000f8480000)
 ParOldGen       total 82432K, used 82367K [0x00000000c0000000, 0x00000000c5080000, 0x00000000eab00000)
  object space 82432K, 99% used [0x00000000c0000000,0x00000000c506feb8,0x00000000c5080000)
 Metaspace       used 6616K, capacity 7256K, committed 7424K, reserved 1056768K
  class space    used 611K, capacity 656K, committed 768K, reserved 1048576K
Event: 9.529 GC heap after
Heap after GC invocations=16 (full 4):
 PSYoungGen      total 217600K, used 75804K [0x00000000eab00000, 0x00000000fdd00000, 0x0000000100000000)
  eden space 176128K, 43% used [0x00000000eab00000,0x00000000ef507210,0x00000000f5700000)
  from space 41472K, 0% used [0x00000000f8480000,0x00000000f8480000,0x00000000fad00000)
  to   space 46592K, 0% used [0x00000000f5700000,0x00000000f5700000,0x00000000f8480000)
 ParOldGen       total 82432K, used 82366K [0x00000000c0000000, 0x00000000c5080000, 0x00000000eab00000)
  object space 82432K, 99% used [0x00000000c0000000,0x00000000c506f848,0x00000000c5080000)
 Metaspace       used 6616K, capacity 7256K, committed 7424K, reserved 1056768K
  class space    used 611K, capacity 656K, committed 768K, reserved 1048576K
}

