# JRE version: OpenJDK Runtime Environment (8.0) (build 1.8.0-9-microsoft-b00)
# Java VM: OpenJDK 64-Bit Server VM (25.71-b00 mixed mode windows-amd64 compressed oops)
Heap:
 PSYoungGen      total 205312K, used 174592K [0x00000000eab00000, 0x00000000fb900000, 0x0000000100000000)
  eden space 174592K, 100% used [0x00000000eab00000,0x00000000f5580000,0x00000000f5580000)
  from space 30720K, 0% used [0x00000000f5580000,0x00000000f5580000,0x00000000f7380000)
  to   space 40448K, 0% used [0x00000000f9180000,0x00000000f9180000,0x00000000fb900000)
 ParOldGen       total 75264K, used 75081K [0x00000000c0000000, 0x00000000c4980000, 0x00000000eab00000)
  object space 75264K, 99% used [0x00000000c0000000,0x00000000c4952470,0x00000000c4980000)
 Metaspace       used 6650K, capacity 7320K, committed 7680K, reserved 1056768K
  class space    used 611K, capacity 656K, committed 768K, reserved 1048576K
GC Heap History (10 events):
Event: 18.053 GC heap after
Heap after GC invocations=17 (full 6):
 PSYoungGen      total 205312K, used 89901K [0x00000000eab00000, 0x00000000fb900000, 0x0000000100000000)
  eden space 174592K, 51% used [0x00000000eab00000,0x00000000f02cb548,0x00000000f5580000)
  from space 30720K, 0% used [0x00000000f5580000,0x00000000f5580000,0x00000000f7380000)
  to   space 40448K, 0% used [0x00000000f9180000,0x00000000f9180000,0x00000000fb900000)
 ParOldGen       total 75264K, used 75082K [0x00000000c0000000, 0x00000000c4980000, 0x00000000eab00000)
  object space 75264K, 99% used [0x00000000c0000000,0x00000000c4952af0,0x00000000c4980000)
 Metaspace       used 6647K, capacity 7320K, committed 7680K, reserved 1056768K
  class space    used 611K, capacity 656K, committed 768K, reserved 1048576K
}
Event: 18.549 GC heap before
{Heap before GC invocations=18 (full 7):
 PSYoungGen      total 205312K, used 174592K [0x00000000eab00000, 0x00000000fb900000, 0x0000000100000000)
  eden space 174592K, 100% used [0x00000000eab00000,0x00000000f5580000,0x00000000f5580000)
  from space 30720K, 0% used [0x00000000f5580000,0x00000000f5580000,0x00000000f7380000)
  to   space 40448K, 0% used [0x00000000f9180000,0x00000000f9180000,0x00000000fb900000)
 ParOldGen       total 75264K, used 75082K [0x00000000c0000000, 0x00000000c4980000, 0x00000000eab00000)
  object space 75264K, 99% used [0x00000000c0000000,0x00000000c4952af0,0x00000000c4980000)
 Metaspace       used 6648K, capacity 7320K, committed 7680K, reserved 1056768K
  class space    used 611K, capacity 656K, committed 768K, reserved 1048576K
Event: 19.714 GC heap after
Heap after GC invocations=18 (full 7):
 PSYoungGen      total 205312K, used 101718K [0x00000000eab00000, 0x00000000fb900000, 0x0000000100000000)
  eden space 174592K, 58% used [0x00000000eab00000,0x00000000f0e55928,0x00000000f5580000)
  from space 30720K, 0% used [0x00000000f5580000,0x00000000f5580000,0x00000000f7380000)
  to   space 40448K, 0% used [0x00000000f9180000,0x00000000f9180000,0x00000000fb900000)
 ParOldGen       total 75264K, used 75082K [0x00000000c0000000, 0x00000000c4980000, 0x00000000eab00000)
  object space 75264K, 99% used [0x00000000c0000000,0x00000000c49528d0,0x00000000c4980000)
 Metaspace       used 6648K, capacity 7320K, committed 7680K, reserved 1056768K
  class space    used 611K, capacity 656K, committed 768K, reserved 1048576K
}
Event: 20.080 GC heap before
{Heap before GC invocations=19 (full 8):
 PSYoungGen      total 205312K, used 174592K [0x00000000eab00000, 0x00000000fb900000, 0x0000000100000000)
  eden space 174592K, 100% used [0x00000000eab00000,0x00000000f5580000,0x00000000f5580000)
  from space 30720K, 0% used [0x00000000f5580000,0x00000000f5580000,0x00000000f7380000)
  to   space 40448K, 0% used [0x00000000f9180000,0x00000000f9180000,0x00000000fb900000)
 ParOldGen       total 75264K, used 75082K [0x00000000c0000000, 0x00000000c4980000, 0x00000000eab00000)
  object space 75264K, 99% used [0x00000000c0000000,0x00000000c49528d0,0x00000000c4980000)
 Metaspace       used 6648K, capacity 7320K, committed 7680K, reserved 1056768K
  class space    used 611K, capacity 656K, committed 768K, reserved 1048576K
Event: 20.822 GC heap after
Heap after GC invocations=19 (full 8):
 PSYoungGen      total 205312K, used 112134K [0x00000000eab00000, 0x00000000fb900000, 0x0000000100000000)
  eden space 174592K, 64% used [0x00000000eab00000,0x00000000f1881b40,0x00000000f5580000)
  from space 30720K, 0% used [0x00000000f5580000,0x00000000f5580000,0x00000000f7380000)
  to   space 40448K, 0% used [0x00000000f9180000,0x00000000f9180000,0x00000000fb900000)
 ParOldGen       total 75264K, used 75082K [0x00000000c0000000, 0x00000000c4980000, 0x00000000eab00000)
  object space 75264K, 99% used [0x00000000c0000000,0x00000000c4952800,0x00000000c4980000)
 Metaspace       used 6648K, capacity 7320K, committed 7680K, reserved 1056768K
  class space    used 611K, capacity 656K, committed 768K, reserved 1048576K
}
Event: 21.077 GC heap before
{Heap before GC invocations=20 (full 9):
 PSYoungGen      total 205312K, used 174592K [0x00000000eab00000, 0x00000000fb900000, 0x0000000100000000)
  eden space 174592K, 100% used [0x00000000eab00000,0x00000000f5580000,0x00000000f5580000)
  from space 30720K, 0% used [0x00000000f5580000,0x00000000f5580000,0x00000000f7380000)
  to   space 40448K, 0% used [0x00000000f9180000,0x00000000f9180000,0x00000000fb900000)
 ParOldGen       total 75264K, used 75082K [0x00000000c0000000, 0x00000000c4980000, 0x00000000eab00000)
  object space 75264K, 99% used [0x00000000c0000000,0x00000000c4952800,0x00000000c4980000)
 Metaspace       used 6648K, capacity 7320K, committed 7680K, reserved 1056768K
  class space    used 611K, capacity 656K, committed 768K, reserved 1048576K
Event: 21.881 GC heap after
Heap after GC invocations=20 (full 9):
 PSYoungGen      total 205312K, used 119916K [0x00000000eab00000, 0x00000000fb900000, 0x0000000100000000)
  eden space 174592K, 68% used [0x00000000eab00000,0x00000000f201b030,0x00000000f5580000)
  from space 30720K, 0% used [0x00000000f5580000,0x00000000f5580000,0x00000000f7380000)
  to   space 40448K, 0% used [0x00000000f9180000,0x00000000f9180000,0x00000000fb900000)
 ParOldGen       total 75264K, used 75081K [0x00000000c0000000, 0x00000000c4980000, 0x00000000eab00000)
  object space 75264K, 99% used [0x00000000c0000000,0x00000000c49525b0,0x00000000c4980000)
 Metaspace       used 6648K, capacity 7320K, committed 7680K, reserved 1056768K
  class space    used 611K, capacity 656K, committed 768K, reserved 1048576K
}
Event: 22.060 GC heap before
{Heap before GC invocations=21 (full 10):
 PSYoungGen      total 205312K, used 174592K [0x00000000eab00000, 0x00000000fb900000, 0x0000000100000000)
  eden space 174592K, 100% used [0x00000000eab00000,0x00000000f5580000,0x00000000f5580000)
  from space 30720K, 0% used [0x00000000f5580000,0x00000000f5580000,0x00000000f7380000)
  to   space 40448K, 0% used [0x00000000f9180000,0x00000000f9180000,0x00000000fb900000)
 ParOldGen       total 75264K, used 75081K [0x00000000c0000000, 0x00000000c4980000, 0x00000000eab00000)
  object space 75264K, 99% used [0x00000000c0000000,0x00000000c49525b0,0x00000000c4980000)
 Metaspace       used 6650K, capacity 7320K, committed 7680K, reserved 1056768K
  class space    used 611K, capacity 656K, committed 768K, reserved 1048576K
Event: 23.183 GC heap after
Heap after GC invocations=21 (full 10):
 PSYoungGen      total 205312K, used 126972K [0x00000000eab00000, 0x00000000fb900000, 0x0000000100000000)
  eden space 174592K, 72% used [0x00000000eab00000,0x00000000f26ff190,0x00000000f5580000)
  from space 30720K, 0% used [0x00000000f5580000,0x00000000f5580000,0x00000000f7380000)
  to   space 40448K, 0% used [0x00000000f9180000,0x00000000f9180000,0x00000000fb900000)
 ParOldGen       total 75264K, used 75081K [0x00000000c0000000, 0x00000000c4980000, 0x00000000eab00000)
  object space 75264K, 99% used [0x00000000c0000000,0x00000000c4952470,0x00000000c4980000)
 Metaspace       used 6650K, capacity 7320K, committed 7680K, reserved 1056768K
  class space    used 611K, capacity 656K, committed 768K, reserved 1048576K
}
Event: 23.411 GC heap before
{Heap before GC invocations=22 (full 11):
 PSYoungGen      total 205312K, used 174592K [0x00000000eab00000, 0x00000000fb900000, 0x0000000100000000)
  eden space 174592K, 100% used [0x00000000eab00000,0x00000000f5580000,0x00000000f5580000)
  from space 30720K, 0% used [0x00000000f5580000,0x00000000f5580000,0x00000000f7380000)
  to   space 40448K, 0% used [0x00000000f9180000,0x00000000f9180000,0x00000000fb900000)
 ParOldGen       total 75264K, used 75081K [0x00000000c0000000, 0x00000000c4980000, 0x00000000eab00000)
  object space 75264K, 99% used [0x00000000c0000000,0x00000000c4952470,0x00000000c4980000)
 Metaspace       used 6650K, capacity 7320K, committed 7680K, reserved 1056768K
  class space    used 611K, capacity 656K, committed 768K, reserved 1048576K

