# JRE version: OpenJDK Runtime Environment (8.0) (build 1.8.0-9-microsoft-b00)
# Java VM: OpenJDK 64-Bit Server VM (25.71-b00 mixed mode windows-amd64 compressed oops)
Heap:
 PSYoungGen      total 182784K, used 150528K [0x00000000eab00000, 0x00000000f9580000, 0x0000000100000000)
  eden space 150528K, 100% used [0x00000000eab00000,0x00000000f3e00000,0x00000000f3e00000)
  from space 32256K, 0% used [0x00000000f5680000,0x00000000f5680000,0x00000000f7600000)
  to   space 27136K, 0% used [0x00000000f7b00000,0x00000000f7b00000,0x00000000f9580000)
 ParOldGen       total 75264K, used 75070K [0x00000000c0000000, 0x00000000c4980000, 0x00000000eab00000)
  object space 75264K, 99% used [0x00000000c0000000,0x00000000c494fbe0,0x00000000c4980000)
 Metaspace       used 6647K, capacity 7320K, committed 7680K, reserved 1056768K
  class space    used 611K, capacity 656K, committed 768K, reserved 1048576K
GC Heap History (10 events):
Event: 27.893 GC heap after
Heap after GC invocations=35 (full 24):
 PSYoungGen      total 182784K, used 146111K [0x00000000eab00000, 0x00000000f9580000, 0x0000000100000000)
  eden space 150528K, 97% used [0x00000000eab00000,0x00000000f39afed8,0x00000000f3e00000)
  from space 32256K, 0% used [0x00000000f5680000,0x00000000f5680000,0x00000000f7600000)
  to   space 27136K, 0% used [0x00000000f7b00000,0x00000000f7b00000,0x00000000f9580000)
 ParOldGen       total 75264K, used 75070K [0x00000000c0000000, 0x00000000c4980000, 0x00000000eab00000)
  object space 75264K, 99% used [0x00000000c0000000,0x00000000c494fbe0,0x00000000c4980000)
 Metaspace       used 6647K, capacity 7320K, committed 7680K, reserved 1056768K
  class space    used 611K, capacity 656K, committed 768K, reserved 1048576K
}
Event: 27.904 GC heap before
{Heap before GC invocations=36 (full 25):
 PSYoungGen      total 182784K, used 150528K [0x00000000eab00000, 0x00000000f9580000, 0x0000000100000000)
  eden space 150528K, 100% used [0x00000000eab00000,0x00000000f3e00000,0x00000000f3e00000)
  from space 32256K, 0% used [0x00000000f5680000,0x00000000f5680000,0x00000000f7600000)
  to   space 27136K, 0% used [0x00000000f7b00000,0x00000000f7b00000,0x00000000f9580000)
 ParOldGen       total 75264K, used 75070K [0x00000000c0000000, 0x00000000c4980000, 0x00000000eab00000)
  object space 75264K, 99% used [0x00000000c0000000,0x00000000c494fbe0,0x00000000c4980000)
 Metaspace       used 6647K, capacity 7320K, committed 7680K, reserved 1056768K
  class space    used 611K, capacity 656K, committed 768K, reserved 1048576K
Event: 28.317 GC heap after
Heap after GC invocations=36 (full 25):
 PSYoungGen      total 182784K, used 146389K [0x00000000eab00000, 0x00000000f9580000, 0x0000000100000000)
  eden space 150528K, 97% used [0x00000000eab00000,0x00000000f39f5758,0x00000000f3e00000)
  from space 32256K, 0% used [0x00000000f5680000,0x00000000f5680000,0x00000000f7600000)
  to   space 27136K, 0% used [0x00000000f7b00000,0x00000000f7b00000,0x00000000f9580000)
 ParOldGen       total 75264K, used 75070K [0x00000000c0000000, 0x00000000c4980000, 0x00000000eab00000)
  object space 75264K, 99% used [0x00000000c0000000,0x00000000c494fbe0,0x00000000c4980000)
 Metaspace       used 6647K, capacity 7320K, committed 7680K, reserved 1056768K
  class space    used 611K, capacity 656K, committed 768K, reserved 1048576K
}
Event: 28.330 GC heap before
{Heap before GC invocations=37 (full 26):
 PSYoungGen      total 182784K, used 150528K [0x00000000eab00000, 0x00000000f9580000, 0x0000000100000000)
  eden space 150528K, 100% used [0x00000000eab00000,0x00000000f3e00000,0x00000000f3e00000)
  from space 32256K, 0% used [0x00000000f5680000,0x00000000f5680000,0x00000000f7600000)
  to   space 27136K, 0% used [0x00000000f7b00000,0x00000000f7b00000,0x00000000f9580000)
 ParOldGen       total 75264K, used 75070K [0x00000000c0000000, 0x00000000c4980000, 0x00000000eab00000)
  object space 75264K, 99% used [0x00000000c0000000,0x00000000c494fbe0,0x00000000c4980000)
 Metaspace       used 6647K, capacity 7320K, committed 7680K, reserved 1056768K
  class space    used 611K, capacity 656K, committed 768K, reserved 1048576K
Event: 28.756 GC heap after
Heap after GC invocations=37 (full 26):
 PSYoungGen      total 182784K, used 146827K [0x00000000eab00000, 0x00000000f9580000, 0x0000000100000000)
  eden space 150528K, 97% used [0x00000000eab00000,0x00000000f3a62cb0,0x00000000f3e00000)
  from space 32256K, 0% used [0x00000000f5680000,0x00000000f5680000,0x00000000f7600000)
  to   space 27136K, 0% used [0x00000000f7b00000,0x00000000f7b00000,0x00000000f9580000)
 ParOldGen       total 75264K, used 75070K [0x00000000c0000000, 0x00000000c4980000, 0x00000000eab00000)
  object space 75264K, 99% used [0x00000000c0000000,0x00000000c494fbe0,0x00000000c4980000)
 Metaspace       used 6647K, capacity 7320K, committed 7680K, reserved 1056768K
  class space    used 611K, capacity 656K, committed 768K, reserved 1048576K
}
Event: 28.773 GC heap before
{Heap before GC invocations=38 (full 27):
 PSYoungGen      total 182784K, used 150528K [0x00000000eab00000, 0x00000000f9580000, 0x0000000100000000)
  eden space 150528K, 100% used [0x00000000eab00000,0x00000000f3e00000,0x00000000f3e00000)
  from space 32256K, 0% used [0x00000000f5680000,0x00000000f5680000,0x00000000f7600000)
  to   space 27136K, 0% used [0x00000000f7b00000,0x00000000f7b00000,0x00000000f9580000)
 ParOldGen       total 75264K, used 75070K [0x00000000c0000000, 0x00000000c4980000, 0x00000000eab00000)
  object space 75264K, 99% used [0x00000000c0000000,0x00000000c494fbe0,0x00000000c4980000)
 Metaspace       used 6647K, capacity 7320K, committed 7680K, reserved 1056768K
  class space    used 611K, capacity 656K, committed 768K, reserved 1048576K
Event: 29.173 GC heap after
Heap after GC invocations=38 (full 27):
 PSYoungGen      total 182784K, used 147373K [0x00000000eab00000, 0x00000000f9580000, 0x0000000100000000)
  eden space 150528K, 97% used [0x00000000eab00000,0x00000000f3aeb760,0x00000000f3e00000)
  from space 32256K, 0% used [0x00000000f5680000,0x00000000f5680000,0x00000000f7600000)
  to   space 27136K, 0% used [0x00000000f7b00000,0x00000000f7b00000,0x00000000f9580000)
 ParOldGen       total 75264K, used 75070K [0x00000000c0000000, 0x00000000c4980000, 0x00000000eab00000)
  object space 75264K, 99% used [0x00000000c0000000,0x00000000c494fbe0,0x00000000c4980000)
 Metaspace       used 6647K, capacity 7320K, committed 7680K, reserved 1056768K
  class space    used 611K, capacity 656K, committed 768K, reserved 1048576K
}
Event: 29.191 GC heap before
{Heap before GC invocations=39 (full 28):
 PSYoungGen      total 182784K, used 150528K [0x00000000eab00000, 0x00000000f9580000, 0x0000000100000000)
  eden space 150528K, 100% used [0x00000000eab00000,0x00000000f3e00000,0x00000000f3e00000)
  from space 32256K, 0% used [0x00000000f5680000,0x00000000f5680000,0x00000000f7600000)
  to   space 27136K, 0% used [0x00000000f7b00000,0x00000000f7b00000,0x00000000f9580000)
 ParOldGen       total 75264K, used 75070K [0x00000000c0000000, 0x00000000c4980000, 0x00000000eab00000)
  object space 75264K, 99% used [0x00000000c0000000,0x00000000c494fbe0,0x00000000c4980000)
 Metaspace       used 6647K, capacity 7320K, committed 7680K, reserved 1056768K
  class space    used 611K, capacity 656K, committed 768K, reserved 1048576K
Event: 29.604 GC heap after
Heap after GC invocations=39 (full 28):
 PSYoungGen      total 182784K, used 147786K [0x00000000eab00000, 0x00000000f9580000, 0x0000000100000000)
  eden space 150528K, 98% used [0x00000000eab00000,0x00000000f3b52ac0,0x00000000f3e00000)
  from space 32256K, 0% used [0x00000000f5680000,0x00000000f5680000,0x00000000f7600000)
  to   space 27136K, 0% used [0x00000000f7b00000,0x00000000f7b00000,0x00000000f9580000)
 ParOldGen       total 75264K, used 75070K [0x00000000c0000000, 0x00000000c4980000, 0x00000000eab00000)
  object space 75264K, 99% used [0x00000000c0000000,0x00000000c494fbe0,0x00000000c4980000)
 Metaspace       used 6647K, capacity 7320K, committed 7680K, reserved 1056768K
  class space    used 611K, capacity 656K, committed 768K, reserved 1048576K
}
Event: 29.664 GC heap before
{Heap before GC invocations=40 (full 29):
 PSYoungGen      total 182784K, used 150528K [0x00000000eab00000, 0x00000000f9580000, 0x0000000100000000)
  eden space 150528K, 100% used [0x00000000eab00000,0x00000000f3e00000,0x00000000f3e00000)
  from space 32256K, 0% used [0x00000000f5680000,0x00000000f5680000,0x00000000f7600000)
  to   space 27136K, 0% used [0x00000000f7b00000,0x00000000f7b00000,0x00000000f9580000)
 ParOldGen       total 75264K, used 75070K [0x00000000c0000000, 0x00000000c4980000, 0x00000000eab00000)
  object space 75264K, 99% used [0x00000000c0000000,0x00000000c494fbe0,0x00000000c4980000)
 Metaspace       used 6647K, capacity 7320K, committed 7680K, reserved 1056768K
  class space    used 611K, capacity 656K, committed 768K, reserved 1048576K

